<?xml version="1.0" encoding="UTF-8"?>
<testng-results skipped="0" failed="0" total="0" passed="0">
  <reporter-output>
  </reporter-output>
  <suite name="Testcases" duration-ms="62" started-at="2015-11-09T16:03:24Z" finished-at="2015-11-09T16:03:24Z">
    <groups>
    </groups>
    <test name="Test" duration-ms="12" started-at="2015-11-09T16:03:24Z" finished-at="2015-11-09T16:03:24Z">
    </test> <!-- Test -->
    <test name="DB" duration-ms="1" started-at="2015-11-09T16:03:24Z" finished-at="2015-11-09T16:03:24Z">
    </test> <!-- DB -->
  </suite> <!-- Testcases -->
</testng-results>
