<?xml version="1.0" encoding="UTF-8"?>
<testng-results skipped="0" failed="0" total="1" passed="1">
  <reporter-output>
  </reporter-output>
  <suite name="Default suite" duration-ms="72325" started-at="2015-10-04T14:52:01Z" finished-at="2015-10-04T14:53:14Z">
    <groups>
    </groups>
    <test name="Default test" duration-ms="72325" started-at="2015-10-04T14:52:01Z" finished-at="2015-10-04T14:53:14Z">
      <class name="TestNG.TestSample">
        <test-method status="PASS" signature="fbLogin()[pri:0, instance:TestNG.TestSample@4cdbe50f]" name="fbLogin" duration-ms="72248" started-at="2015-10-04T20:22:01Z" finished-at="2015-10-04T20:23:14Z">
          <reporter-output>
          </reporter-output>
        </test-method> <!-- fbLogin -->
      </class> <!-- TestNG.TestSample -->
    </test> <!-- Default test -->
  </suite> <!-- Default suite -->
</testng-results>
